  [1m[35m (4.2ms)[0m  [1m[34mSELECT sqlite_version(*)[0m
  [1m[35m (0.1ms)[0m  [1m[34mSELECT sqlite_version(*)[0m
  [1m[35m (0.6ms)[0m  [1m[34mSELECT sqlite_version(*)[0m
  [1m[35m (1.7ms)[0m  [1m[35mCREATE TABLE "schema_migrations" ("version" varchar NOT NULL PRIMARY KEY)[0m
  [1m[35m (1.4ms)[0m  [1m[35mCREATE TABLE "ar_internal_metadata" ("key" varchar NOT NULL PRIMARY KEY, "value" varchar, "created_at" datetime(6) NOT NULL, "updated_at" datetime(6) NOT NULL)[0m
  [1m[36mActiveRecord::SchemaMigration Pluck (0.2ms)[0m  [1m[34mSELECT "schema_migrations"."version" FROM "schema_migrations" ORDER BY "schema_migrations"."version" ASC[0m
Migrating to CreateUsers (20220426172831)
  [1m[36mTRANSACTION (1.3ms)[0m  [1m[36mbegin transaction[0m
  [1m[35m (0.8ms)[0m  [1m[35mCREATE TABLE "users" ("id" integer PRIMARY KEY AUTOINCREMENT NOT NULL, "username" varchar, "password_digest" varchar, "created_at" datetime(6) NOT NULL, "updated_at" datetime(6) NOT NULL)[0m
  [1m[36mActiveRecord::SchemaMigration Create (0.9ms)[0m  [1m[32mINSERT INTO "schema_migrations" ("version") VALUES (?)[0m  [["version", "20220426172831"]]
  [1m[36mTRANSACTION (5.1ms)[0m  [1m[36mcommit transaction[0m
  [1m[36mActiveRecord::InternalMetadata Load (0.2ms)[0m  [1m[34mSELECT "ar_internal_metadata".* FROM "ar_internal_metadata" WHERE "ar_internal_metadata"."key" = ? LIMIT ?[0m  [["key", "environment"], ["LIMIT", 1]]
  [1m[36mTRANSACTION (0.3ms)[0m  [1m[36mbegin transaction[0m
  [1m[36mActiveRecord::InternalMetadata Create (0.5ms)[0m  [1m[32mINSERT INTO "ar_internal_metadata" ("key", "value", "created_at", "updated_at") VALUES (?, ?, ?, ?)[0m  [["key", "environment"], ["value", "development"], ["created_at", "2022-04-26 17:28:50.503332"], ["updated_at", "2022-04-26 17:28:50.503332"]]
  [1m[36mTRANSACTION (1.0ms)[0m  [1m[36mcommit transaction[0m
  [1m[35m (0.1ms)[0m  [1m[34mSELECT sqlite_version(*)[0m
  [1m[36mActiveRecord::SchemaMigration Pluck (0.8ms)[0m  [1m[34mSELECT "schema_migrations"."version" FROM "schema_migrations" ORDER BY "schema_migrations"."version" ASC[0m
Started GET "/" for ::1 at 2022-04-26 13:00:10 -0500
  [1m[35m (2.6ms)[0m  [1m[34mSELECT sqlite_version(*)[0m
  [1m[36mActiveRecord::SchemaMigration Pluck (0.7ms)[0m  [1m[34mSELECT "schema_migrations"."version" FROM "schema_migrations" ORDER BY "schema_migrations"."version" ASC[0m
Processing by Rails::WelcomeController#index as HTML
  Rendering /Users/vivo/.rvm/gems/ruby-2.7.4/gems/railties-7.0.2.3/lib/rails/templates/rails/welcome/index.html.erb
  Rendered /Users/vivo/.rvm/gems/ruby-2.7.4/gems/railties-7.0.2.3/lib/rails/templates/rails/welcome/index.html.erb (Duration: 56.7ms | Allocations: 675)
Completed 200 OK in 161ms (Views: 99.4ms | ActiveRecord: 0.0ms | Allocations: 6444)


Started GET "/logged_in" for ::1 at 2022-04-26 13:04:31 -0500
  
ActionController::RoutingError (No route matches [GET] "/logged_in"):
  
Started GET "/logged_in" for ::1 at 2022-04-26 13:05:04 -0500
  
ActionController::RoutingError (No route matches [GET] "/logged_in"):
  
Started GET "/logged_in" for ::1 at 2022-04-26 13:05:13 -0500
  
ActionController::RoutingError (No route matches [GET] "/logged_in"):
  
Started GET "/logged_in" for ::1 at 2022-04-26 13:06:25 -0500
  
ActionController::RoutingError (No route matches [GET] "/logged_in"):
  
Started GET "/logged_in" for ::1 at 2022-04-26 13:06:26 -0500
  
ActionController::RoutingError (No route matches [GET] "/logged_in"):
  
Started OPTIONS "/users" for ::1 at 2022-04-26 13:06:54 -0500
  
ActionController::RoutingError (No route matches [OPTIONS] "/users"):
  
Started OPTIONS "/users" for ::1 at 2022-04-26 13:07:38 -0500
  
ActionController::RoutingError (No route matches [OPTIONS] "/users"):
  
Started GET "/logged_in" for ::1 at 2022-04-26 13:09:17 -0500
  
ActionController::RoutingError (No route matches [GET] "/logged_in"):
  
Started GET "/" for ::1 at 2022-04-26 13:09:17 -0500
Processing by Rails::WelcomeController#index as HTML
  Rendering /Users/vivo/.rvm/gems/ruby-2.7.4/gems/railties-7.0.2.3/lib/rails/templates/rails/welcome/index.html.erb
  Rendered /Users/vivo/.rvm/gems/ruby-2.7.4/gems/railties-7.0.2.3/lib/rails/templates/rails/welcome/index.html.erb (Duration: 3.5ms | Allocations: 367)
Completed 200 OK in 12ms (Views: 7.9ms | Allocations: 1077)


Started GET "/users" for ::1 at 2022-04-26 13:11:33 -0500
  [1m[35m (0.2ms)[0m  [1m[34mSELECT sqlite_version(*)[0m
  [1m[36mActiveRecord::SchemaMigration Pluck (0.8ms)[0m  [1m[34mSELECT "schema_migrations"."version" FROM "schema_migrations" ORDER BY "schema_migrations"."version" ASC[0m
  
SyntaxError (/Users/vivo/Phase-5/FinalProject/my-squares/app/controllers/users_controller.rb:51: syntax error, unexpected `next', expecting end-of-input
...s method and others in the next step. The natural home for h...
...                           ^~~~
):
  
app/controllers/users_controller.rb:51: syntax error, unexpected `next', expecting end-of-input
app/controllers/users_controller.rb:51: syntax error, unexpected `next', expecting end-of-input
app/controllers/users_controller.rb:51: syntax error, unexpected `next', expecting end-of-input
Started GET "/logged_in" for ::1 at 2022-04-26 13:13:35 -0500
  [1m[35m (5.0ms)[0m  [1m[34mSELECT sqlite_version(*)[0m
  [1m[36mActiveRecord::SchemaMigration Pluck (1.4ms)[0m  [1m[34mSELECT "schema_migrations"."version" FROM "schema_migrations" ORDER BY "schema_migrations"."version" ASC[0m
  
ActionController::RoutingError (No route matches [GET] "/logged_in"):
  
Started GET "/" for ::1 at 2022-04-26 13:13:39 -0500
Processing by Rails::WelcomeController#index as HTML
  Rendering /Users/vivo/.rvm/gems/ruby-2.7.4/gems/railties-7.0.2.3/lib/rails/templates/rails/welcome/index.html.erb
  Rendered /Users/vivo/.rvm/gems/ruby-2.7.4/gems/railties-7.0.2.3/lib/rails/templates/rails/welcome/index.html.erb (Duration: 2.5ms | Allocations: 377)
Completed 200 OK in 19ms (Views: 4.3ms | ActiveRecord: 0.0ms | Allocations: 3358)


Started GET "/users" for ::1 at 2022-04-26 13:13:48 -0500
Processing by UsersController#index as HTML
Completed 500 Internal Server Error in 12ms (ActiveRecord: 0.0ms | Allocations: 780)


  
LoadError (cannot load such file -- bcrypt):
  
app/models/user.rb:2:in `<class:User>'
app/models/user.rb:1:in `<main>'
app/controllers/users_controller.rb:4:in `index'
Started GET "/logged_in" for ::1 at 2022-04-26 13:13:58 -0500
  
ActionController::RoutingError (No route matches [GET] "/logged_in"):
  
Started OPTIONS "/users" for ::1 at 2022-04-26 13:14:10 -0500
  
ActionController::RoutingError (No route matches [OPTIONS] "/users"):
  
Started GET "/users" for ::1 at 2022-04-26 13:14:15 -0500
Processing by UsersController#index as HTML
Completed 500 Internal Server Error in 27ms (ActiveRecord: 0.0ms | Allocations: 2602)


  
LoadError (cannot load such file -- bcrypt):
  
app/models/user.rb:2:in `<class:User>'
app/models/user.rb:1:in `<main>'
app/controllers/users_controller.rb:4:in `index'
Started GET "/user" for ::1 at 2022-04-26 13:14:17 -0500
  
ActionController::RoutingError (No route matches [GET] "/user"):
  
Started GET "/users" for ::1 at 2022-04-26 13:14:30 -0500
Processing by UsersController#index as HTML
Completed 500 Internal Server Error in 10ms (ActiveRecord: 0.0ms | Allocations: 525)


  
LoadError (cannot load such file -- bcrypt):
  
app/models/user.rb:2:in `<class:User>'
app/models/user.rb:1:in `<main>'
app/controllers/users_controller.rb:4:in `index'
Started GET "/users" for ::1 at 2022-04-26 13:15:35 -0500
Processing by UsersController#index as HTML
Completed 500 Internal Server Error in 40ms (ActiveRecord: 0.0ms | Allocations: 2603)


  
LoadError (cannot load such file -- bcrypt):
  
app/models/user.rb:2:in `<class:User>'
app/models/user.rb:1:in `<main>'
app/controllers/users_controller.rb:4:in `index'
Started GET "/users" for ::1 at 2022-04-26 13:15:37 -0500
Processing by UsersController#index as HTML
Completed 500 Internal Server Error in 4ms (ActiveRecord: 0.0ms | Allocations: 525)


  
LoadError (cannot load such file -- bcrypt):
  
app/models/user.rb:2:in `<class:User>'
app/models/user.rb:1:in `<main>'
app/controllers/users_controller.rb:4:in `index'
Started GET "/users" for ::1 at 2022-04-26 13:15:38 -0500
Processing by UsersController#index as HTML
Completed 500 Internal Server Error in 3ms (ActiveRecord: 0.0ms | Allocations: 525)


  
LoadError (cannot load such file -- bcrypt):
  
app/models/user.rb:2:in `<class:User>'
app/models/user.rb:1:in `<main>'
app/controllers/users_controller.rb:4:in `index'
Started GET "/users" for ::1 at 2022-04-26 13:15:38 -0500
Processing by UsersController#index as HTML
Completed 500 Internal Server Error in 8ms (ActiveRecord: 0.0ms | Allocations: 525)


  
LoadError (cannot load such file -- bcrypt):
  
app/models/user.rb:2:in `<class:User>'
app/models/user.rb:1:in `<main>'
app/controllers/users_controller.rb:4:in `index'
Started GET "/users" for ::1 at 2022-04-26 13:15:39 -0500
Processing by UsersController#index as HTML
Completed 500 Internal Server Error in 4ms (ActiveRecord: 0.0ms | Allocations: 526)


  
LoadError (cannot load such file -- bcrypt):
  
app/models/user.rb:2:in `<class:User>'
app/models/user.rb:1:in `<main>'
app/controllers/users_controller.rb:4:in `index'
Started GET "/users" for ::1 at 2022-04-26 13:16:09 -0500
  [1m[35m (2.8ms)[0m  [1m[34mSELECT sqlite_version(*)[0m
  [1m[36mActiveRecord::SchemaMigration Pluck (0.8ms)[0m  [1m[34mSELECT "schema_migrations"."version" FROM "schema_migrations" ORDER BY "schema_migrations"."version" ASC[0m
Processing by UsersController#index as HTML
  [1m[36mUser Load (0.8ms)[0m  [1m[34mSELECT "users".* FROM "users"[0m
  ↳ app/controllers/users_controller.rb:6:in `index'
Completed 200 OK in 16ms (Views: 1.3ms | ActiveRecord: 0.8ms | Allocations: 3570)


Started OPTIONS "/users" for ::1 at 2022-04-26 13:16:15 -0500
  
ActionController::RoutingError (No route matches [OPTIONS] "/users"):
  
Started GET "/users" for ::1 at 2022-04-26 13:16:17 -0500
Processing by UsersController#index as HTML
  [1m[36mUser Load (0.2ms)[0m  [1m[34mSELECT "users".* FROM "users"[0m
  ↳ app/controllers/users_controller.rb:6:in `index'
Completed 200 OK in 3ms (Views: 1.6ms | ActiveRecord: 0.2ms | Allocations: 677)


Started GET "/logged_in" for ::1 at 2022-04-26 13:16:33 -0500
  
ActionController::RoutingError (No route matches [GET] "/logged_in"):
  
Started OPTIONS "/users" for ::1 at 2022-04-26 13:16:46 -0500
  
ActionController::RoutingError (No route matches [OPTIONS] "/users"):
  
Started GET "/users" for ::1 at 2022-04-26 13:16:54 -0500
Processing by UsersController#index as HTML
  [1m[36mUser Load (0.2ms)[0m  [1m[34mSELECT "users".* FROM "users"[0m
  ↳ app/controllers/users_controller.rb:6:in `index'
Completed 200 OK in 3ms (Views: 1.6ms | ActiveRecord: 0.2ms | Allocations: 677)


Started GET "/users" for ::1 at 2022-04-26 13:18:16 -0500
Processing by UsersController#index as HTML
  [1m[35m (0.1ms)[0m  [1m[34mSELECT sqlite_version(*)[0m
  ↳ app/controllers/users_controller.rb:6:in `index'
  [1m[36mUser Load (0.8ms)[0m  [1m[34mSELECT "users".* FROM "users"[0m
  ↳ app/controllers/users_controller.rb:6:in `index'
Completed 200 OK in 15ms (Views: 10.1ms | ActiveRecord: 1.1ms | Allocations: 1959)


Started GET "/logged_in" for ::1 at 2022-04-26 13:18:20 -0500
Processing by SessionsController#is_logged_in? as HTML
Completed 200 OK in 1ms (Views: 0.2ms | ActiveRecord: 0.0ms | Allocations: 179)


Started GET "/logged_in" for ::1 at 2022-04-26 13:18:21 -0500
Processing by SessionsController#is_logged_in? as HTML
Completed 200 OK in 1ms (Views: 0.2ms | ActiveRecord: 0.0ms | Allocations: 176)


Started GET "/logged_in" for ::1 at 2022-04-26 13:18:22 -0500
Processing by SessionsController#is_logged_in? as HTML
Completed 200 OK in 1ms (Views: 0.2ms | ActiveRecord: 0.0ms | Allocations: 175)


Started GET "/logged_in" for ::1 at 2022-04-26 13:18:23 -0500
Processing by SessionsController#is_logged_in? as HTML
Completed 200 OK in 1ms (Views: 0.2ms | ActiveRecord: 0.0ms | Allocations: 175)


Started OPTIONS "/users" for ::1 at 2022-04-26 13:18:35 -0500
  
ActionController::RoutingError (No route matches [OPTIONS] "/users"):
  
Started GET "/" for ::1 at 2022-04-26 13:19:02 -0500
Processing by Rails::WelcomeController#index as HTML
  Rendering /Users/vivo/.rvm/gems/ruby-2.7.4/gems/railties-7.0.2.3/lib/rails/templates/rails/welcome/index.html.erb
  Rendered /Users/vivo/.rvm/gems/ruby-2.7.4/gems/railties-7.0.2.3/lib/rails/templates/rails/welcome/index.html.erb (Duration: 2.0ms | Allocations: 376)
Completed 200 OK in 6ms (Views: 4.3ms | ActiveRecord: 0.0ms | Allocations: 1162)


Started GET "/" for ::1 at 2022-04-26 13:19:16 -0500
Processing by Rails::WelcomeController#index as HTML
  Rendering /Users/vivo/.rvm/gems/ruby-2.7.4/gems/railties-7.0.2.3/lib/rails/templates/rails/welcome/index.html.erb
  Rendered /Users/vivo/.rvm/gems/ruby-2.7.4/gems/railties-7.0.2.3/lib/rails/templates/rails/welcome/index.html.erb (Duration: 6.5ms | Allocations: 367)
Completed 200 OK in 11ms (Views: 9.4ms | ActiveRecord: 0.0ms | Allocations: 1122)


Started GET "/logged_in" for ::1 at 2022-04-26 13:19:32 -0500
Processing by SessionsController#is_logged_in? as HTML
Completed 200 OK in 1ms (Views: 0.2ms | ActiveRecord: 0.0ms | Allocations: 175)


Started GET "/" for ::1 at 2022-04-26 13:19:42 -0500
Processing by Rails::WelcomeController#index as HTML
  Rendering /Users/vivo/.rvm/gems/ruby-2.7.4/gems/railties-7.0.2.3/lib/rails/templates/rails/welcome/index.html.erb
  Rendered /Users/vivo/.rvm/gems/ruby-2.7.4/gems/railties-7.0.2.3/lib/rails/templates/rails/welcome/index.html.erb (Duration: 0.3ms | Allocations: 23)
Completed 200 OK in 2ms (Views: 1.0ms | ActiveRecord: 0.0ms | Allocations: 229)


Started GET "/" for ::1 at 2022-04-26 13:19:50 -0500
Processing by Rails::WelcomeController#index as HTML
  Rendering /Users/vivo/.rvm/gems/ruby-2.7.4/gems/railties-7.0.2.3/lib/rails/templates/rails/welcome/index.html.erb
  Rendered /Users/vivo/.rvm/gems/ruby-2.7.4/gems/railties-7.0.2.3/lib/rails/templates/rails/welcome/index.html.erb (Duration: 0.1ms | Allocations: 23)
Completed 200 OK in 1ms (Views: 0.8ms | ActiveRecord: 0.0ms | Allocations: 228)


Started OPTIONS "/users" for ::1 at 2022-04-26 13:20:09 -0500
  
ActionController::RoutingError (No route matches [OPTIONS] "/users"):
  
Started GET "/" for ::1 at 2022-04-26 13:26:12 -0500
  [1m[35m (3.8ms)[0m  [1m[34mSELECT sqlite_version(*)[0m
  [1m[36mActiveRecord::SchemaMigration Pluck (1.1ms)[0m  [1m[34mSELECT "schema_migrations"."version" FROM "schema_migrations" ORDER BY "schema_migrations"."version" ASC[0m
Processing by Rails::WelcomeController#index as HTML
  Rendering /Users/vivo/.rvm/gems/ruby-2.7.4/gems/railties-7.0.2.3/lib/rails/templates/rails/welcome/index.html.erb
  Rendered /Users/vivo/.rvm/gems/ruby-2.7.4/gems/railties-7.0.2.3/lib/rails/templates/rails/welcome/index.html.erb (Duration: 2.0ms | Allocations: 567)
Completed 200 OK in 28ms (Views: 8.7ms | ActiveRecord: 0.0ms | Allocations: 5131)


Started GET "/logged_in" for ::1 at 2022-04-26 13:29:20 -0500
Processing by SessionsController#is_logged_in? as HTML
Completed 200 OK in 1ms (Views: 0.4ms | ActiveRecord: 0.0ms | Allocations: 155)


Started GET "/logged_in" for ::1 at 2022-04-26 13:29:40 -0500
Processing by SessionsController#is_logged_in? as HTML
Completed 200 OK in 1ms (Views: 0.2ms | ActiveRecord: 0.0ms | Allocations: 117)


Started GET "/" for ::1 at 2022-04-26 13:29:43 -0500
Processing by Rails::WelcomeController#index as HTML
  Rendering /Users/vivo/.rvm/gems/ruby-2.7.4/gems/railties-7.0.2.3/lib/rails/templates/rails/welcome/index.html.erb
  Rendered /Users/vivo/.rvm/gems/ruby-2.7.4/gems/railties-7.0.2.3/lib/rails/templates/rails/welcome/index.html.erb (Duration: 3.2ms | Allocations: 367)
Completed 200 OK in 9ms (Views: 7.2ms | ActiveRecord: 0.0ms | Allocations: 1122)


Started GET "/logged_in" for ::1 at 2022-04-26 13:29:58 -0500
Processing by SessionsController#is_logged_in? as HTML
Completed 200 OK in 2ms (Views: 1.3ms | ActiveRecord: 0.0ms | Allocations: 117)


Started POST "/users" for ::1 at 2022-04-26 13:30:07 -0500
Processing by UsersController#create as HTML
  Parameters: {"user"=>{"username"=>"v12v0", "password"=>"[FILTERED]", "password_confirmation"=>"[FILTERED]"}}
  [1m[36mTRANSACTION (0.1ms)[0m  [1m[36mbegin transaction[0m
  ↳ app/controllers/users_controller.rb:32:in `create'
  [1m[36mUser Exists? (0.9ms)[0m  [1m[34mSELECT 1 AS one FROM "users" WHERE "users"."username" = ? LIMIT ?[0m  [["username", "v12v0"], ["LIMIT", 1]]
  ↳ app/controllers/users_controller.rb:32:in `create'
  [1m[36mUser Create (0.9ms)[0m  [1m[32mINSERT INTO "users" ("username", "password_digest", "created_at", "updated_at") VALUES (?, ?, ?, ?)[0m  [["username", "v12v0"], ["password_digest", "[FILTERED]"], ["created_at", "2022-04-26 18:30:07.465424"], ["updated_at", "2022-04-26 18:30:07.465424"]]
  ↳ app/controllers/users_controller.rb:32:in `create'
  [1m[36mTRANSACTION (0.9ms)[0m  [1m[36mcommit transaction[0m
  ↳ app/controllers/users_controller.rb:32:in `create'
Completed 200 OK in 339ms (Views: 1.9ms | ActiveRecord: 4.0ms | Allocations: 9379)


Started GET "/users" for ::1 at 2022-04-26 13:30:18 -0500
Processing by UsersController#index as HTML
  [1m[36mUser Load (0.3ms)[0m  [1m[34mSELECT "users".* FROM "users"[0m
  ↳ app/controllers/users_controller.rb:6:in `index'
Completed 200 OK in 7ms (Views: 5.6ms | ActiveRecord: 0.3ms | Allocations: 836)


Started GET "/logged_in" for ::1 at 2022-04-26 13:31:44 -0500
Processing by SessionsController#is_logged_in? as HTML
  [1m[36mUser Load (0.2ms)[0m  [1m[34mSELECT "users".* FROM "users" WHERE "users"."id" = ? LIMIT ?[0m  [["id", 1], ["LIMIT", 1]]
  ↳ app/controllers/application_controller.rb:14:in `current_user'
Completed 200 OK in 3ms (Views: 0.8ms | ActiveRecord: 0.2ms | Allocations: 1243)


Started GET "/logged_in" for ::1 at 2022-04-26 13:43:31 -0500
Processing by SessionsController#is_logged_in? as HTML
  [1m[35m (0.1ms)[0m  [1m[34mSELECT sqlite_version(*)[0m
  ↳ app/controllers/application_controller.rb:14:in `current_user'
  [1m[36mUser Load (0.6ms)[0m  [1m[34mSELECT "users".* FROM "users" WHERE "users"."id" = ? LIMIT ?[0m  [["id", 1], ["LIMIT", 1]]
  ↳ app/controllers/application_controller.rb:14:in `current_user'
Completed 200 OK in 9ms (Views: 0.6ms | ActiveRecord: 1.1ms | Allocations: 1167)


Started GET "/users" for ::1 at 2022-04-26 14:24:24 -0500
Processing by UsersController#index as HTML
  [1m[35m (1.6ms)[0m  [1m[34mSELECT sqlite_version(*)[0m
  ↳ app/controllers/users_controller.rb:6:in `index'
  [1m[36mUser Load (0.8ms)[0m  [1m[34mSELECT "users".* FROM "users"[0m
  ↳ app/controllers/users_controller.rb:6:in `index'
Completed 200 OK in 85ms (Views: 69.2ms | ActiveRecord: 7.8ms | Allocations: 1436)


Started GET "/logged_in" for ::1 at 2022-04-26 14:24:34 -0500
Processing by SessionsController#is_logged_in? as HTML
  [1m[36mUser Load (0.4ms)[0m  [1m[34mSELECT "users".* FROM "users" WHERE "users"."id" = ? LIMIT ?[0m  [["id", 1], ["LIMIT", 1]]
  ↳ app/controllers/application_controller.rb:14:in `current_user'
Completed 200 OK in 6ms (Views: 0.8ms | ActiveRecord: 0.4ms | Allocations: 670)


Started GET "/logged_in" for ::1 at 2022-04-26 14:24:54 -0500
Processing by SessionsController#is_logged_in? as HTML
  [1m[36mUser Load (0.1ms)[0m  [1m[34mSELECT "users".* FROM "users" WHERE "users"."id" = ? LIMIT ?[0m  [["id", 1], ["LIMIT", 1]]
  ↳ app/controllers/application_controller.rb:14:in `current_user'
Completed 200 OK in 2ms (Views: 0.5ms | ActiveRecord: 0.1ms | Allocations: 655)


Started GET "/logged_in" for ::1 at 2022-04-26 14:25:16 -0500
Processing by SessionsController#is_logged_in? as HTML
  [1m[36mUser Load (0.2ms)[0m  [1m[34mSELECT "users".* FROM "users" WHERE "users"."id" = ? LIMIT ?[0m  [["id", 1], ["LIMIT", 1]]
  ↳ app/controllers/application_controller.rb:14:in `current_user'
Completed 200 OK in 3ms (Views: 0.4ms | ActiveRecord: 0.2ms | Allocations: 669)


Started GET "/logged_in" for ::1 at 2022-04-26 14:25:19 -0500
Processing by SessionsController#is_logged_in? as HTML
  [1m[36mUser Load (0.4ms)[0m  [1m[34mSELECT "users".* FROM "users" WHERE "users"."id" = ? LIMIT ?[0m  [["id", 1], ["LIMIT", 1]]
  ↳ app/controllers/application_controller.rb:14:in `current_user'
Completed 200 OK in 5ms (Views: 0.4ms | ActiveRecord: 0.4ms | Allocations: 655)


Started GET "/logged_in" for ::1 at 2022-04-26 14:26:39 -0500
Processing by SessionsController#is_logged_in? as HTML
  [1m[36mUser Load (0.2ms)[0m  [1m[34mSELECT "users".* FROM "users" WHERE "users"."id" = ? LIMIT ?[0m  [["id", 1], ["LIMIT", 1]]
  ↳ app/controllers/application_controller.rb:14:in `current_user'
Completed 200 OK in 3ms (Views: 0.5ms | ActiveRecord: 0.2ms | Allocations: 655)


Started GET "/logged_in" for ::1 at 2022-04-26 14:27:20 -0500
Processing by SessionsController#is_logged_in? as HTML
  [1m[36mUser Load (0.2ms)[0m  [1m[34mSELECT "users".* FROM "users" WHERE "users"."id" = ? LIMIT ?[0m  [["id", 1], ["LIMIT", 1]]
  ↳ app/controllers/application_controller.rb:14:in `current_user'
Completed 200 OK in 4ms (Views: 0.7ms | ActiveRecord: 0.2ms | Allocations: 655)


Started GET "/logged_in" for ::1 at 2022-04-26 14:29:18 -0500
Processing by SessionsController#is_logged_in? as HTML
  [1m[36mUser Load (0.2ms)[0m  [1m[34mSELECT "users".* FROM "users" WHERE "users"."id" = ? LIMIT ?[0m  [["id", 1], ["LIMIT", 1]]
  ↳ app/controllers/application_controller.rb:14:in `current_user'
Completed 200 OK in 5ms (Views: 0.6ms | ActiveRecord: 0.2ms | Allocations: 655)


Started POST "/users" for ::1 at 2022-04-26 14:29:33 -0500
Processing by UsersController#create as HTML
  Parameters: {"user"=>{"username"=>"vidisel", "password"=>"[FILTERED]", "password_confirmation"=>"[FILTERED]"}}
  [1m[36mTRANSACTION (0.1ms)[0m  [1m[36mbegin transaction[0m
  ↳ app/controllers/users_controller.rb:32:in `create'
  [1m[36mUser Exists? (0.2ms)[0m  [1m[34mSELECT 1 AS one FROM "users" WHERE "users"."username" = ? LIMIT ?[0m  [["username", "vidisel"], ["LIMIT", 1]]
  ↳ app/controllers/users_controller.rb:32:in `create'
  [1m[36mUser Create (1.7ms)[0m  [1m[32mINSERT INTO "users" ("username", "password_digest", "created_at", "updated_at") VALUES (?, ?, ?, ?)[0m  [["username", "vidisel"], ["password_digest", "[FILTERED]"], ["created_at", "2022-04-26 19:29:34.229573"], ["updated_at", "2022-04-26 19:29:34.229573"]]
  ↳ app/controllers/users_controller.rb:32:in `create'
  [1m[36mTRANSACTION (1.5ms)[0m  [1m[36mcommit transaction[0m
  ↳ app/controllers/users_controller.rb:32:in `create'
Completed 200 OK in 348ms (Views: 0.4ms | ActiveRecord: 3.5ms | Allocations: 2627)


Started GET "/users" for ::1 at 2022-04-26 14:29:36 -0500
Processing by UsersController#index as HTML
  [1m[36mUser Load (0.2ms)[0m  [1m[34mSELECT "users".* FROM "users"[0m
  ↳ app/controllers/users_controller.rb:6:in `index'
Completed 200 OK in 4ms (Views: 2.7ms | ActiveRecord: 0.2ms | Allocations: 904)


Started GET "/logged_in" for ::1 at 2022-04-26 14:29:46 -0500
Processing by SessionsController#is_logged_in? as HTML
  [1m[36mUser Load (0.1ms)[0m  [1m[34mSELECT "users".* FROM "users" WHERE "users"."id" = ? LIMIT ?[0m  [["id", 2], ["LIMIT", 1]]
  ↳ app/controllers/application_controller.rb:14:in `current_user'
Completed 200 OK in 2ms (Views: 0.4ms | ActiveRecord: 0.1ms | Allocations: 655)


Started GET "/logged_in" for ::1 at 2022-04-26 14:29:49 -0500
Processing by SessionsController#is_logged_in? as HTML
  [1m[36mUser Load (1.1ms)[0m  [1m[34mSELECT "users".* FROM "users" WHERE "users"."id" = ? LIMIT ?[0m  [["id", 2], ["LIMIT", 1]]
  ↳ app/controllers/application_controller.rb:14:in `current_user'
Completed 200 OK in 3ms (Views: 0.4ms | ActiveRecord: 1.1ms | Allocations: 655)


Started GET "/logged_in" for ::1 at 2022-04-26 14:30:14 -0500
Processing by SessionsController#is_logged_in? as HTML
  [1m[36mUser Load (0.2ms)[0m  [1m[34mSELECT "users".* FROM "users" WHERE "users"."id" = ? LIMIT ?[0m  [["id", 2], ["LIMIT", 1]]
  ↳ app/controllers/application_controller.rb:14:in `current_user'
Completed 200 OK in 3ms (Views: 0.6ms | ActiveRecord: 0.2ms | Allocations: 655)


Started GET "/users/1" for ::1 at 2022-04-26 14:30:24 -0500
Processing by UsersController#show as HTML
  Parameters: {"id"=>"1"}
  [1m[36mUser Load (0.2ms)[0m  [1m[34mSELECT "users".* FROM "users" WHERE "users"."id" = ? LIMIT ?[0m  [["id", 1], ["LIMIT", 1]]
  ↳ app/controllers/users_controller.rb:17:in `show'
Completed 200 OK in 4ms (Views: 1.5ms | ActiveRecord: 0.2ms | Allocations: 651)


Started GET "/users/1" for ::1 at 2022-04-26 14:33:40 -0500
  
LoadError (cannot load such file -- /Users/vivo/Phase-5/FinalProject/my-squares/config/routes.rb):
  
bootsnap (1.11.1) lib/bootsnap/load_path_cache/core_ext/kernel_require.rb:39:in `load'
bootsnap (1.11.1) lib/bootsnap/load_path_cache/core_ext/kernel_require.rb:39:in `load'
railties (7.0.2.3) lib/rails/application/routes_reloader.rb:50:in `block in load_paths'
railties (7.0.2.3) lib/rails/application/routes_reloader.rb:50:in `each'
railties (7.0.2.3) lib/rails/application/routes_reloader.rb:50:in `load_paths'
railties (7.0.2.3) lib/rails/application/routes_reloader.rb:24:in `reload!'
railties (7.0.2.3) lib/rails/application/routes_reloader.rb:38:in `block in updater'
activesupport (7.0.2.3) lib/active_support/file_update_checker.rb:83:in `execute'
railties (7.0.2.3) lib/rails/application/routes_reloader.rb:13:in `execute'
railties (7.0.2.3) lib/rails/application/finisher.rb:169:in `block (2 levels) in <module:Finisher>'
activesupport (7.0.2.3) lib/active_support/callbacks.rb:445:in `instance_exec'
activesupport (7.0.2.3) lib/active_support/callbacks.rb:445:in `block in make_lambda'
activesupport (7.0.2.3) lib/active_support/callbacks.rb:199:in `block (2 levels) in halting'
activesupport (7.0.2.3) lib/active_support/callbacks.rb:687:in `block (2 levels) in default_terminator'
activesupport (7.0.2.3) lib/active_support/callbacks.rb:686:in `catch'
activesupport (7.0.2.3) lib/active_support/callbacks.rb:686:in `block in default_terminator'
activesupport (7.0.2.3) lib/active_support/callbacks.rb:200:in `block in halting'
activesupport (7.0.2.3) lib/active_support/callbacks.rb:595:in `block in invoke_before'
activesupport (7.0.2.3) lib/active_support/callbacks.rb:595:in `each'
activesupport (7.0.2.3) lib/active_support/callbacks.rb:595:in `invoke_before'
activesupport (7.0.2.3) lib/active_support/callbacks.rb:106:in `run_callbacks'
activesupport (7.0.2.3) lib/active_support/execution_wrapper.rb:129:in `run'
activesupport (7.0.2.3) lib/active_support/execution_wrapper.rb:125:in `run!'
activesupport (7.0.2.3) lib/active_support/reloader.rb:114:in `run!'
activesupport (7.0.2.3) lib/active_support/execution_wrapper.rb:78:in `block in run!'
activesupport (7.0.2.3) lib/active_support/execution_wrapper.rb:75:in `tap'
activesupport (7.0.2.3) lib/active_support/execution_wrapper.rb:75:in `run!'
activesupport (7.0.2.3) lib/active_support/reloader.rb:63:in `run!'
actionpack (7.0.2.3) lib/action_dispatch/middleware/executor.rb:12:in `call'
actionpack (7.0.2.3) lib/action_dispatch/middleware/actionable_exceptions.rb:17:in `call'
actionpack (7.0.2.3) lib/action_dispatch/middleware/debug_exceptions.rb:28:in `call'
web-console (4.2.0) lib/web_console/middleware.rb:132:in `call_app'
web-console (4.2.0) lib/web_console/middleware.rb:28:in `block in call'
web-console (4.2.0) lib/web_console/middleware.rb:17:in `catch'
web-console (4.2.0) lib/web_console/middleware.rb:17:in `call'
actionpack (7.0.2.3) lib/action_dispatch/middleware/show_exceptions.rb:26:in `call'
railties (7.0.2.3) lib/rails/rack/logger.rb:36:in `call_app'
railties (7.0.2.3) lib/rails/rack/logger.rb:25:in `block in call'
activesupport (7.0.2.3) lib/active_support/tagged_logging.rb:99:in `block in tagged'
activesupport (7.0.2.3) lib/active_support/tagged_logging.rb:37:in `tagged'
activesupport (7.0.2.3) lib/active_support/tagged_logging.rb:99:in `tagged'
railties (7.0.2.3) lib/rails/rack/logger.rb:25:in `call'
sprockets-rails (3.4.2) lib/sprockets/rails/quiet_assets.rb:13:in `call'
actionpack (7.0.2.3) lib/action_dispatch/middleware/remote_ip.rb:93:in `call'
actionpack (7.0.2.3) lib/action_dispatch/middleware/request_id.rb:26:in `call'
rack (2.2.3) lib/rack/method_override.rb:24:in `call'
rack (2.2.3) lib/rack/runtime.rb:22:in `call'
activesupport (7.0.2.3) lib/active_support/cache/strategy/local_cache_middleware.rb:29:in `call'
actionpack (7.0.2.3) lib/action_dispatch/middleware/server_timing.rb:20:in `call'
actionpack (7.0.2.3) lib/action_dispatch/middleware/executor.rb:14:in `call'
actionpack (7.0.2.3) lib/action_dispatch/middleware/static.rb:23:in `call'
rack (2.2.3) lib/rack/sendfile.rb:110:in `call'
actionpack (7.0.2.3) lib/action_dispatch/middleware/host_authorization.rb:137:in `call'
rack-cors (1.1.1) lib/rack/cors.rb:100:in `call'
railties (7.0.2.3) lib/rails/engine.rb:530:in `call'
puma (5.6.4) lib/puma/configuration.rb:252:in `call'
puma (5.6.4) lib/puma/request.rb:77:in `block in handle_request'
puma (5.6.4) lib/puma/thread_pool.rb:340:in `with_force_shutdown'
puma (5.6.4) lib/puma/request.rb:76:in `handle_request'
puma (5.6.4) lib/puma/server.rb:441:in `process_client'
puma (5.6.4) lib/puma/thread_pool.rb:147:in `block in spawn_thread'
Started GET "/users/1" for ::1 at 2022-04-26 14:33:49 -0500
  [1m[35m (0.1ms)[0m  [1m[34mSELECT sqlite_version(*)[0m
  
ActionController::RoutingError (No route matches [GET] "/users/1"):
  
Started GET "/users/1" for ::1 at 2022-04-26 14:33:51 -0500
  
ActionController::RoutingError (No route matches [GET] "/users/1"):
  
Started GET "/users" for ::1 at 2022-04-26 14:34:25 -0500
  
ActionController::RoutingError (No route matches [GET] "/users"):
  
Started GET "/logged_in" for ::1 at 2022-04-26 14:34:31 -0500
  
ActionController::RoutingError (No route matches [GET] "/logged_in"):
  
Started GET "/users" for ::1 at 2022-04-26 14:34:59 -0500
  [1m[35m (3.0ms)[0m  [1m[34mSELECT sqlite_version(*)[0m
  [1m[36mActiveRecord::SchemaMigration Pluck (0.7ms)[0m  [1m[34mSELECT "schema_migrations"."version" FROM "schema_migrations" ORDER BY "schema_migrations"."version" ASC[0m
Processing by UsersController#index as HTML
  [1m[36mUser Load (0.9ms)[0m  [1m[34mSELECT "users".* FROM "users"[0m
  ↳ app/controllers/users_controller.rb:6:in `index'
Completed 200 OK in 52ms (Views: 25.3ms | ActiveRecord: 2.9ms | Allocations: 8253)


Started GET "/logged_in" for ::1 at 2022-04-26 14:35:24 -0500
Processing by SessionsController#is_logged_in? as HTML
  [1m[36mUser Load (5.7ms)[0m  [1m[34mSELECT "users".* FROM "users" WHERE "users"."id" = ? LIMIT ?[0m  [["id", 2], ["LIMIT", 1]]
  ↳ app/controllers/application_controller.rb:14:in `current_user'
Completed 200 OK in 68ms (Views: 4.2ms | ActiveRecord: 5.7ms | Allocations: 2332)


Started GET "/users" for ::1 at 2022-04-26 14:35:26 -0500
Processing by UsersController#index as HTML
  [1m[36mUser Load (0.2ms)[0m  [1m[34mSELECT "users".* FROM "users"[0m
  ↳ app/controllers/users_controller.rb:6:in `index'
Completed 200 OK in 6ms (Views: 4.1ms | ActiveRecord: 0.2ms | Allocations: 918)


Started GET "/users" for ::1 at 2022-04-26 14:35:27 -0500
Processing by UsersController#index as HTML
  [1m[36mUser Load (0.2ms)[0m  [1m[34mSELECT "users".* FROM "users"[0m
  ↳ app/controllers/users_controller.rb:6:in `index'
Completed 200 OK in 4ms (Views: 2.7ms | ActiveRecord: 0.2ms | Allocations: 918)


